[INFO] 20:30:15:736 /home/utnso/SANTI/Game-watch-client//(7668:7668): Soy el mejor log del mundo
[INFO] 20:30:38:420 /home/utnso/SANTI/Game-watch-client//(7684:7684): Soy el mejor log del mundo
[INFO] 20:31:17:857 /home/utnso/SANTI/Game-watch-client//(7713:7713): Soy el mejor log del mundo
[INFO] 20:34:28:828 /home/utnso/SANTI/Game-watch-client//(7871:7871): Soy el mejor log del mundo
[INFO] 20:37:33:729 /home/utnso/SANTI/Game-watch-client//(7995:7995): Soy el mejor log del mundo
[INFO] 20:38:32:406 /home/utnso/SANTI/Game-watch-client//(8056:8056): Soy el mejor log del mundo
[INFO] 16:06:27:105 /home/utnso/SANTI/Game-watch-client//(9945:9945): Soy el mejor log del mundo
[INFO] 17:23:35:646 /home/utnso/SANTI/Game-watch-client//(11255:11255): Soy el mejor log del mundo
[INFO] 17:31:12:30 /home/utnso/SANTI/Game-watch-client//(11487:11487): Soy el mejor log del mundo
[INFO] 17:35:43:387 /home/utnso/SANTI/Game-watch-client//(11560:11560): Soy el mejor log del mundo
[INFO] 20:10:05:236 /home/utnso/SANTI/Game-watch-client//(11026:11026): Soy el mejor log del mundo
[INFO] 21:06:15:258 /home/utnso/SANTI/Game-watch-client//(8659:8659): Soy el mejor log del mundo
[INFO] 21:08:26:201 /home/utnso/SANTI/Game-watch-client//(8694:8694): Soy el mejor log del mundo
[INFO] 21:18:22:14 /home/utnso/SANTI/Game-watch-client//(8955:8955): Soy el mejor log del mundo
[INFO] 21:20:53:764 /home/utnso/SANTI/Game-watch-client//(9062:9062): Soy el mejor log del mundo
[INFO] 21:28:13:980 /home/utnso/SANTI/Game-watch-client//(9268:9268): Soy el mejor log del mundo
[INFO] 21:33:57:524 /home/utnso/SANTI/Game-watch-client//(9467:9467): Soy el mejor log del mundo
[INFO] 21:35:53:333 /home/utnso/SANTI/Game-watch-client//(9540:9540): Soy el mejor log del mundo
[INFO] 21:35:53:342 /home/utnso/SANTI/Game-watch-client//(9540:9540): 	—o·È—o·444
[INFO] 21:39:13:786 /home/utnso/SANTI/Game-watch-client//(9632:9632): Soy el mejor log del mundo
[INFO] 21:42:36:65 /home/utnso/SANTI/Game-watch-client//(9632:9632): 	û·Èû·444
[INFO] 22:01:28:887 /home/utnso/SANTI/Game-watch-client//(12617:12617): Soy el mejor log del mundo
[INFO] 22:02:52:337 /home/utnso/SANTI/Game-watch-client//(6087:6087): Soy el mejor log del mundo
[INFO] 22:04:36:563 /home/utnso/SANTI/Game-watch-client//(6170:6170): Soy el mejor log del mundo
[INFO] 22:06:41:852 /home/utnso/SANTI/Game-watch-client//(6257:6257): Soy el mejor log del mundo
[INFO] 22:06:42:93 /home/utnso/SANTI/Game-watch-client//(6257:6257): Probando
[INFO] 20:31:46:774 /home/utnso/SANTI/Game-watch-client//(16510:16510): Soy el mejor log del mundo
[INFO] 20:31:46:777 /home/utnso/SANTI/Game-watch-client//(16510:16510): Probando
[INFO] 21:09:39:105 /home/utnso/game-watch/tp0-2020/Game-watch-client//(22099:22099): Soy el mejor log del mundo
